c:\users\pjh15\onedrive\문서\카카오톡 받은 파일\mapfcpp (1)\x64\debug\vc143.pdb
c:\users\pjh15\onedrive\문서\카카오톡 받은 파일\mapfcpp (1)\x64\debug\vc143.idb
c:\users\jihoj\desktop\mapfcpp (2)\mapfcpp (1)\x64\debug\vc143.pdb
c:\users\jihoj\desktop\mapfcpp (2)\mapfcpp (1)\x64\debug\vc143.idb
c:\users\pjh15\downloads\mapf-main (2)\mapf-main\mapfcpp\mapfcpp\x64\debug\vc143.pdb
c:\users\pjh15\downloads\mapf-main (2)\mapf-main\mapfcpp\mapfcpp\x64\debug\vc143.idb
c:\users\user\documents\github\mapf\mapfcpp\mapfcpp\x64\debug\vc143.pdb
c:\users\user\documents\github\mapf\mapfcpp\mapfcpp\x64\debug\vc143.idb
c:\users\user\documents\github\mapf\mapfcpp\mapfcpp\x64\debug\planner.obj
c:\users\user\documents\github\mapf\mapfcpp\mapfcpp\x64\debug\astarnode.obj
c:\users\user\documents\github\mapf\mapfcpp\mapfcpp\x64\debug\astarmapgen.obj
c:\users\user\documents\github\mapf\mapfcpp\mapfcpp\x64\debug\main.obj
c:\users\user\documents\github\mapf\mapfcpp\mapfcpp\x64\debug\hungarian.obj
c:\users\user\documents\github\mapf\mapfcpp\mapfcpp\x64\debug\heuristic_func.obj
c:\users\user\documents\github\mapf\mapfcpp\mapfcpp\x64\debug\ctnode.obj
c:\users\user\documents\github\mapf\mapfcpp\mapfcpp\x64\debug\constraints.obj
c:\users\user\documents\github\mapf\mapfcpp\mapfcpp\x64\debug\astar.obj
c:\users\user\documents\github\mapf\mapfcpp\mapfcpp\x64\debug\assigner.obj
c:\users\user\documents\github\mapf\mapfcpp\mapfcpp\x64\debug\astarplanner.obj
c:\users\user\documents\github\mapf\mapfcpp\mapfcpp\x64\debug\agent.obj
c:\users\user\documents\github\mapf\mapfcpp\mapfcpp\x64\debug\mapfcpp.ilk
c:\users\user\documents\github\mapf\mapfcpp\mapfcpp\x64\debug\mapfcpp.exe
c:\users\user\documents\github\mapf\mapfcpp\mapfcpp\x64\debug\mapfcpp.pdb
c:\users\user\documents\github\mapf\mapfcpp\mapfcpp\x64\debug\aagent.obj
c:\users\user\documents\github\mapf\mapfcpp\mapfcpp\x64\debug\aplanner.obj
c:\users\user\documents\github\mapf\mapfcpp\mapfcpp\x64\debug\astaragent.obj
c:\users\user\documents\github\mapf\mapfcpp\mapfcpp\x64\debug\astarmap_gen.obj
c:\users\user\documents\github\mapf\mapfcpp\mapfcpp\x64\debug\map_gen.obj
c:\users\user\documents\github\mapf\mapfcpp\mapfcpp\x64\debug\node.obj
c:\users\user\documents\github\mapf\mapfcpp\mapfcpp\x64\debug\소스.obj
c:\users\user\documents\github\mapf\mapfcpp\mapfcpp\x64\debug\astar.obj.enc
c:\users\user\documents\github\mapf\mapfcpp\mapfcpp\x64\debug\planner.obj.enc
c:\users\user\documents\github\mapf\mapfcpp\mapfcpp\x64\debug\mapfcpp.tlog\cl.command.1.tlog
c:\users\user\documents\github\mapf\mapfcpp\mapfcpp\x64\debug\mapfcpp.tlog\cl.read.1.tlog
c:\users\user\documents\github\mapf\mapfcpp\mapfcpp\x64\debug\mapfcpp.tlog\cl.write.1.tlog
c:\users\user\documents\github\mapf\mapfcpp\mapfcpp\x64\debug\mapfcpp.tlog\link.command.1.tlog
c:\users\user\documents\github\mapf\mapfcpp\mapfcpp\x64\debug\mapfcpp.tlog\link.read.1.tlog
c:\users\user\documents\github\mapf\mapfcpp\mapfcpp\x64\debug\mapfcpp.tlog\link.write.1.tlog
